2023.09.29 02:41:01 INFO  Started: Metals version 1.0.1 in folders '/home/olli/School/rent-app' for client Visual Studio Code 1.82.2.
Sep 29, 2023 2:41:01 AM org.flywaydb.core.internal.license.VersionPrinter printVersionOnly
INFO: Flyway Community Edition 9.21.2 by Redgate
Sep 29, 2023 2:41:01 AM org.flywaydb.core.internal.license.VersionPrinter printVersion
INFO: See release notes here: https://rd.gt/416ObMi
Sep 29, 2023 2:41:01 AM org.flywaydb.core.internal.license.VersionPrinter printVersion
INFO: 
Sep 29, 2023 2:41:01 AM org.flywaydb.core.FlywayExecutor execute
INFO: Database: jdbc:h2:file:/home/olli/School/rent-app/.metals/metals (H2 2.1)
Sep 29, 2023 2:41:01 AM org.flywaydb.core.internal.schemahistory.JdbcTableSchemaHistory allAppliedMigrations
INFO: Schema history table "PUBLIC"."flyway_schema_history" does not exist yet
Sep 29, 2023 2:41:01 AM org.flywaydb.core.internal.command.DbValidate validate
INFO: Successfully validated 4 migrations (execution time 00:00.020s)
Sep 29, 2023 2:41:01 AM org.flywaydb.core.internal.schemahistory.JdbcTableSchemaHistory create
INFO: Creating Schema History table "PUBLIC"."flyway_schema_history" ...
Sep 29, 2023 2:41:01 AM org.flywaydb.core.internal.command.DbMigrate migrateGroup
INFO: Current version of schema "PUBLIC": << Empty Schema >>
Sep 29, 2023 2:41:01 AM org.flywaydb.core.internal.command.DbMigrate doMigrateGroup
INFO: Migrating schema "PUBLIC" to version "1 - Create tables"
Sep 29, 2023 2:41:01 AM org.flywaydb.core.internal.command.DbMigrate doMigrateGroup
INFO: Migrating schema "PUBLIC" to version "2 - Server discovery"
Sep 29, 2023 2:41:01 AM org.flywaydb.core.internal.command.DbMigrate doMigrateGroup
INFO: Migrating schema "PUBLIC" to version "3 - Jar symbols"
Sep 29, 2023 2:41:01 AM org.flywaydb.core.internal.command.DbMigrate doMigrateGroup
INFO: Migrating schema "PUBLIC" to version "4 - Fingerprints"
Sep 29, 2023 2:41:01 AM org.flywaydb.core.internal.command.DbMigrate logSummary
INFO: Successfully applied 4 migrations to schema "PUBLIC", now at version v4 (execution time 00:00.019s)
2023.09.29 02:41:01 INFO  time: initialize in 0.63s
2023.09.29 02:41:03 WARN  Build server is not auto-connectable.
2023.09.29 02:41:03 WARN  no build tool detected in workspace '/home/olli/School/rent-app'. The most common cause for this problem is that the editor was opened in the wrong working directory, for example if you use sbt then the workspace directory should contain build.sbt. 
Sep 29, 2023 4:14:51 AM org.eclipse.lsp4j.jsonrpc.services.GenericEndpoint notify
INFO: Unsupported notification method: $/setTrace
